-- ASN.1 Compiler, v0.9.22
-- Copyright (c) 2003, 2004, 2005, 2006 Lev Walkin <vlm@lionet.info>
WARNING: GraphicString is not fully supported
Compiled IEC61850-8-1SpecificProtocol.c
Compiled IEC61850-8-1SpecificProtocol.h
Compiled GSEMngtPdu.c
Compiled GSEMngtPdu.h
Compiled GSEMngtRequests.c
Compiled GSEMngtRequests.h
Compiled GSEMngtResponses.c
Compiled GSEMngtResponses.h
Compiled GetReferenceRequestPdu.c
Compiled GetReferenceRequestPdu.h
Compiled GetElementRequestPdu.c
Compiled GetElementRequestPdu.h
Compiled GSEMngtResponsePdu.c
Compiled GSEMngtResponsePdu.h
Compiled RequestResults.c
Compiled RequestResults.h
Compiled GlbErrors.c
Compiled GlbErrors.h
Compiled ErrorReason.c
Compiled ErrorReason.h
Compiled IECGoosePdu.c
Compiled IECGoosePdu.h
Compiled LogicalStatus.c
Compiled LogicalStatus.h
Compiled PhysicalStatus.c
Compiled PhysicalStatus.h
Compiled VMDState.c
Compiled VMDState.h
Compiled ModifierStep.c
Compiled ModifierStep.h
Compiled Modifier.c
Compiled Modifier.h
Compiled ServiceSupportOptions.c
Compiled ServiceSupportOptions.h
Compiled ParameterSupportOptions.c
Compiled ParameterSupportOptions.h
Compiled AdditionalSupportOptions.c
Compiled AdditionalSupportOptions.h
Compiled AdditionalCBBOptions.c
Compiled AdditionalCBBOptions.h
Compiled AccessCondition.c
Compiled AccessCondition.h
Compiled DomainState.c
Compiled DomainState.h
Compiled ULState.c
Compiled ULState.h
Compiled ProgramInvocationState.c
Compiled ProgramInvocationState.h
Compiled Control-State.c
Compiled Control-State.h
Compiled Running-Mode.c
Compiled Running-Mode.h
Compiled Address.c
Compiled Address.h
Compiled TypeDescription.c
Compiled TypeDescription.h
Compiled Priority.c
Compiled Priority.h
Compiled EC-Class.c
Compiled EC-Class.h
Compiled EC-State.c
Compiled EC-State.h
Compiled Severity.c
Compiled Severity.h
Compiled EventTime.c
Compiled EventTime.h
Compiled EE-Class.c
Compiled EE-Class.h
Compiled Transitions.c
Compiled Transitions.h
Compiled EE-Duration.c
Compiled EE-Duration.h
Compiled AlarmAckRule.c
Compiled AlarmAckRule.h
Compiled Journal-Variable.c
Compiled Journal-Variable.h
Compiled MMSpdu.c
Compiled MMSpdu.h
Compiled Confirmed-RequestPDU.c
Compiled Confirmed-RequestPDU.h
Compiled ConfirmedServiceRequest.c
Compiled ConfirmedServiceRequest.h
Compiled AdditionalService-Request.c
Compiled AdditionalService-Request.h
Compiled Request-Detail.c
Compiled Request-Detail.h
Compiled Unconfirmed-PDU.c
Compiled Unconfirmed-PDU.h
Compiled UnconfirmedService.c
Compiled UnconfirmedService.h
Compiled Unconfirmed-Detail.c
Compiled Unconfirmed-Detail.h
Compiled Confirmed-ResponsePDU.c
Compiled Confirmed-ResponsePDU.h
Compiled ConfirmedServiceResponse.c
Compiled ConfirmedServiceResponse.h
Compiled AdditionalService-Response.c
Compiled AdditionalService-Response.h
Compiled Response-Detail.c
Compiled Response-Detail.h
Compiled Confirmed-ErrorPDU.c
Compiled Confirmed-ErrorPDU.h
Compiled ServiceError.c
Compiled ServiceError.h
Compiled AdditionalService-Error.c
Compiled AdditionalService-Error.h
Compiled TimeOfDay.c
Compiled TimeOfDay.h
Compiled Identifier.c
Compiled Identifier.h
Compiled Integer8.c
Compiled Integer8.h
Compiled Integer16.c
Compiled Integer16.h
Compiled Integer32.c
Compiled Integer32.h
Compiled Unsigned8.c
Compiled Unsigned8.h
Compiled Unsigned16.c
Compiled Unsigned16.h
Compiled Unsigned32.c
Compiled Unsigned32.h
Compiled ObjectName.c
Compiled ObjectName.h
Compiled ObjectClass.c
Compiled ObjectClass.h
Compiled MMSString.c
Compiled MMSString.h
Compiled MMS255String.c
Compiled MMS255String.h
Compiled UtcTime.c
Compiled UtcTime.h
Compiled FileName.c
Compiled FileName.h
Compiled Initiate-RequestPDU.c
Compiled Initiate-RequestPDU.h
Compiled Initiate-ResponsePDU.c
Compiled Initiate-ResponsePDU.h
Compiled Initiate-ErrorPDU.c
Compiled Initiate-ErrorPDU.h
Compiled Conclude-RequestPDU.c
Compiled Conclude-RequestPDU.h
Compiled Conclude-ResponsePDU.c
Compiled Conclude-ResponsePDU.h
Compiled Conclude-ErrorPDU.c
Compiled Conclude-ErrorPDU.h
Compiled Cancel-RequestPDU.c
Compiled Cancel-RequestPDU.h
Compiled Cancel-ResponsePDU.c
Compiled Cancel-ResponsePDU.h
Compiled Cancel-ErrorPDU.c
Compiled Cancel-ErrorPDU.h
Compiled RejectPDU.c
Compiled RejectPDU.h
Compiled DefineAccessControlList-Request.c
Compiled DefineAccessControlList-Request.h
Compiled DefineAccessControlList-Response.c
Compiled DefineAccessControlList-Response.h
Compiled GetAccessControlListAttributes-Request.c
Compiled GetAccessControlListAttributes-Request.h
Compiled GetAccessControlListAttributes-Response.c
Compiled GetAccessControlListAttributes-Response.h
Compiled ReportAccessControlledObjects-Request.c
Compiled ReportAccessControlledObjects-Request.h
Compiled ReportAccessControlledObjects-Response.c
Compiled ReportAccessControlledObjects-Response.h
Compiled DeleteAccessControlList-Request.c
Compiled DeleteAccessControlList-Request.h
Compiled DeleteAccessControlList-Response.c
Compiled DeleteAccessControlList-Response.h
Compiled ChangeAccessControl-Request.c
Compiled ChangeAccessControl-Request.h
Compiled ChangeAccessControl-Response.c
Compiled ChangeAccessControl-Response.h
Compiled ChangeAccessControl-Error.c
Compiled ChangeAccessControl-Error.h
Compiled StatusResponse.c
Compiled StatusResponse.h
Compiled CS-Status-Response.c
Compiled CS-Status-Response.h
Compiled OperationState.c
Compiled OperationState.h
Compiled ExtendedStatus.c
Compiled ExtendedStatus.h
Compiled Status-Request.c
Compiled Status-Request.h
Compiled Status-Response.c
Compiled Status-Response.h
Compiled UnsolicitedStatus.c
Compiled UnsolicitedStatus.h
Compiled GetNameList-Request.c
Compiled GetNameList-Request.h
Compiled GetNameList-Response.c
Compiled GetNameList-Response.h
Compiled Identify-Request.c
Compiled Identify-Request.h
Compiled Identify-Response.c
Compiled Identify-Response.h
Compiled Rename-Request.c
Compiled Rename-Request.h
Compiled Rename-Response.c
Compiled Rename-Response.h
Compiled GetCapabilityList-Request.c
Compiled GetCapabilityList-Request.h
Compiled GetCapabilityList-Response.c
Compiled GetCapabilityList-Response.h
Compiled VMDStop-Request.c
Compiled VMDStop-Request.h
Compiled VMDStop-Response.c
Compiled VMDStop-Response.h
Compiled VMDReset-Request.c
Compiled VMDReset-Request.h
Compiled VMDReset-Response.c
Compiled VMDReset-Response.h
Compiled InitiateDownloadSequence-Request.c
Compiled InitiateDownloadSequence-Request.h
Compiled InitiateDownloadSequence-Response.c
Compiled InitiateDownloadSequence-Response.h
Compiled DownloadSegment-Request.c
Compiled DownloadSegment-Request.h
Compiled DownloadSegment-Response.c
Compiled DownloadSegment-Response.h
Compiled LoadData.c
Compiled LoadData.h
Compiled TerminateDownloadSequence-Request.c
Compiled TerminateDownloadSequence-Request.h
Compiled TerminateDownloadSequence-Response.c
Compiled TerminateDownloadSequence-Response.h
Compiled InitiateUploadSequence-Request.c
Compiled InitiateUploadSequence-Request.h
Compiled InitiateUploadSequence-Response.c
Compiled InitiateUploadSequence-Response.h
Compiled UploadSegment-Request.c
Compiled UploadSegment-Request.h
Compiled UploadSegment-Response.c
Compiled UploadSegment-Response.h
Compiled TerminateUploadSequence-Request.c
Compiled TerminateUploadSequence-Request.h
Compiled TerminateUploadSequence-Response.c
Compiled TerminateUploadSequence-Response.h
Compiled RequestDomainDownload-Request.c
Compiled RequestDomainDownload-Request.h
Compiled RequestDomainDownload-Response.c
Compiled RequestDomainDownload-Response.h
Compiled RequestDomainUpload-Request.c
Compiled RequestDomainUpload-Request.h
Compiled RequestDomainUpload-Response.c
Compiled RequestDomainUpload-Response.h
Compiled LoadDomainContent-Request.c
Compiled LoadDomainContent-Request.h
Compiled LoadDomainContent-Response.c
Compiled LoadDomainContent-Response.h
Compiled StoreDomainContent-Request.c
Compiled StoreDomainContent-Request.h
Compiled StoreDomainContent-Response.c
Compiled StoreDomainContent-Response.h
Compiled DeleteDomain-Request.c
Compiled DeleteDomain-Request.h
Compiled DeleteDomain-Response.c
Compiled DeleteDomain-Response.h
Compiled GetDomainAttributes-Request.c
Compiled GetDomainAttributes-Request.h
Compiled GetDomainAttributes-Response.c
Compiled GetDomainAttributes-Response.h
Compiled CreateProgramInvocation-Request.c
Compiled CreateProgramInvocation-Request.h
Compiled CreateProgramInvocation-Response.c
Compiled CreateProgramInvocation-Response.h
Compiled CS-CreateProgramInvocation-Request.c
Compiled CS-CreateProgramInvocation-Request.h
Compiled DeleteProgramInvocation-Request.c
Compiled DeleteProgramInvocation-Request.h
Compiled DeleteProgramInvocation-Response.c
Compiled DeleteProgramInvocation-Response.h
Compiled Start-Request.c
Compiled Start-Request.h
Compiled Start-Response.c
Compiled Start-Response.h
Compiled Start-Error.c
Compiled Start-Error.h
Compiled CS-Start-Request.c
Compiled CS-Start-Request.h
Compiled StartCount.c
Compiled StartCount.h
Compiled Stop-Request.c
Compiled Stop-Request.h
Compiled Stop-Response.c
Compiled Stop-Response.h
Compiled Stop-Error.c
Compiled Stop-Error.h
Compiled Resume-Request.c
Compiled Resume-Request.h
Compiled Resume-Response.c
Compiled Resume-Response.h
Compiled Resume-Error.c
Compiled Resume-Error.h
Compiled CS-Resume-Request.c
Compiled CS-Resume-Request.h
Compiled Reset-Request.c
Compiled Reset-Request.h
Compiled Reset-Response.c
Compiled Reset-Response.h
Compiled Reset-Error.c
Compiled Reset-Error.h
Compiled Kill-Request.c
Compiled Kill-Request.h
Compiled Kill-Response.c
Compiled Kill-Response.h
Compiled GetProgramInvocationAttributes-Request.c
Compiled GetProgramInvocationAttributes-Request.h
Compiled GetProgramInvocationAttributes-Response.c
Compiled GetProgramInvocationAttributes-Response.h
Compiled CS-GetProgramInvocationAttributes-Response.c
Compiled CS-GetProgramInvocationAttributes-Response.h
Compiled Select-Request.c
Compiled Select-Request.h
Compiled Select-Response.c
Compiled Select-Response.h
Compiled AlterProgramInvocationAttributes-Request.c
Compiled AlterProgramInvocationAttributes-Request.h
Compiled AlterProgramInvocationAttributes-Response.c
Compiled AlterProgramInvocationAttributes-Response.h
Compiled ReconfigureProgramInvocation-Request.c
Compiled ReconfigureProgramInvocation-Request.h
Compiled ReconfigureProgramInvocation-Response.c
Compiled ReconfigureProgramInvocation-Response.h
Compiled ControlElement.c
Compiled ControlElement.h
Compiled InitiateUnitControlLoad-Request.c
Compiled InitiateUnitControlLoad-Request.h
Compiled InitiateUnitControlLoad-Response.c
Compiled InitiateUnitControlLoad-Response.h
Compiled InitiateUnitControl-Error.c
Compiled InitiateUnitControl-Error.h
Compiled UnitControlLoadSegment-Request.c
Compiled UnitControlLoadSegment-Request.h
Compiled UnitControlLoadSegment-Response.c
Compiled UnitControlLoadSegment-Response.h
Compiled UnitControlUpload-Request.c
Compiled UnitControlUpload-Request.h
Compiled UnitControlUpload-Response.c
Compiled UnitControlUpload-Response.h
Compiled StartUnitControl-Request.c
Compiled StartUnitControl-Request.h
Compiled StartUnitControl-Response.c
Compiled StartUnitControl-Response.h
Compiled StartUnitControl-Error.c
Compiled StartUnitControl-Error.h
Compiled StopUnitControl-Request.c
Compiled StopUnitControl-Request.h
Compiled StopUnitControl-Response.c
Compiled StopUnitControl-Response.h
Compiled StopUnitControl-Error.c
Compiled StopUnitControl-Error.h
Compiled CreateUnitControl-Request.c
Compiled CreateUnitControl-Request.h
Compiled CreateUnitControl-Response.c
Compiled CreateUnitControl-Response.h
Compiled AddToUnitControl-Request.c
Compiled AddToUnitControl-Request.h
Compiled AddToUnitControl-Response.c
Compiled AddToUnitControl-Response.h
Compiled RemoveFromUnitControl-Request.c
Compiled RemoveFromUnitControl-Request.h
Compiled RemoveFromUnitControl-Response.c
Compiled RemoveFromUnitControl-Response.h
Compiled GetUnitControlAttributes-Request.c
Compiled GetUnitControlAttributes-Request.h
Compiled GetUnitControlAttributes-Response.c
Compiled GetUnitControlAttributes-Response.h
Compiled LoadUnitControlFromFile-Request.c
Compiled LoadUnitControlFromFile-Request.h
Compiled LoadUnitControlFromFile-Response.c
Compiled LoadUnitControlFromFile-Response.h
Compiled LoadUnitControlFromFile-Error.c
Compiled LoadUnitControlFromFile-Error.h
Compiled StoreUnitControlToFile-Request.c
Compiled StoreUnitControlToFile-Request.h
Compiled StoreUnitControlToFile-Response.c
Compiled StoreUnitControlToFile-Response.h
Compiled DeleteUnitControl-Request.c
Compiled DeleteUnitControl-Request.h
Compiled DeleteUnitControl-Response.c
Compiled DeleteUnitControl-Response.h
Compiled DeleteUnitControl-Error.c
Compiled DeleteUnitControl-Error.h
Compiled TypeSpecification.c
Compiled TypeSpecification.h
Compiled AlternateAccess.c
Compiled AlternateAccess.h
Compiled AlternateAccessSelection.c
Compiled AlternateAccessSelection.h
Compiled AccessResult.c
Compiled AccessResult.h
Compiled Data.c
Compiled Data.h
Compiled FloatingPoint.c
Compiled FloatingPoint.h
Compiled DataAccessError.c
Compiled DataAccessError.h
Compiled VariableAccessSpecification.c
Compiled VariableAccessSpecification.h
Compiled VariableSpecification.c
Compiled VariableSpecification.h
Compiled Read-Request.c
Compiled Read-Request.h
Compiled Read-Response.c
Compiled Read-Response.h
Compiled Write-Request.c
Compiled Write-Request.h
Compiled Write-Response.c
Compiled Write-Response.h
Compiled InformationReport.c
Compiled InformationReport.h
Compiled GetVariableAccessAttributes-Request.c
Compiled GetVariableAccessAttributes-Request.h
Compiled GetVariableAccessAttributes-Response.c
Compiled GetVariableAccessAttributes-Response.h
Compiled DefineNamedVariable-Request.c
Compiled DefineNamedVariable-Request.h
Compiled DefineNamedVariable-Response.c
Compiled DefineNamedVariable-Response.h
Compiled DeleteVariableAccess-Request.c
Compiled DeleteVariableAccess-Request.h
Compiled DeleteVariableAccess-Response.c
Compiled DeleteVariableAccess-Response.h
Compiled DeleteVariableAccess-Error.c
Compiled DeleteVariableAccess-Error.h
Compiled DefineNamedVariableList-Request.c
Compiled DefineNamedVariableList-Request.h
Compiled DefineNamedVariableList-Response.c
Compiled DefineNamedVariableList-Response.h
Compiled GetNamedVariableListAttributes-Request.c
Compiled GetNamedVariableListAttributes-Request.h
Compiled GetNamedVariableListAttributes-Response.c
Compiled GetNamedVariableListAttributes-Response.h
Compiled DeleteNamedVariableList-Request.c
Compiled DeleteNamedVariableList-Request.h
Compiled DeleteNamedVariableList-Response.c
Compiled DeleteNamedVariableList-Response.h
Compiled DeleteNamedVariableList-Error.c
Compiled DeleteNamedVariableList-Error.h
Compiled DefineNamedType-Request.c
Compiled DefineNamedType-Request.h
Compiled DefineNamedType-Response.c
Compiled DefineNamedType-Response.h
Compiled GetNamedTypeAttributes-Request.c
Compiled GetNamedTypeAttributes-Request.h
Compiled GetNamedTypeAttributes-Response.c
Compiled GetNamedTypeAttributes-Response.h
Compiled DeleteNamedType-Request.c
Compiled DeleteNamedType-Request.h
Compiled DeleteNamedType-Response.c
Compiled DeleteNamedType-Response.h
Compiled DeleteNamedType-Error.c
Compiled DeleteNamedType-Error.h
Compiled ExchangeData-Request.c
Compiled ExchangeData-Request.h
Compiled ExchangeData-Response.c
Compiled ExchangeData-Response.h
Compiled GetDataExchangeAttributes-Request.c
Compiled GetDataExchangeAttributes-Request.h
Compiled GetDataExchangeAttributes-Response.c
Compiled GetDataExchangeAttributes-Response.h
Compiled TakeControl-Request.c
Compiled TakeControl-Request.h
Compiled TakeControl-Response.c
Compiled TakeControl-Response.h
Compiled RelinquishControl-Request.c
Compiled RelinquishControl-Request.h
Compiled RelinquishControl-Response.c
Compiled RelinquishControl-Response.h
Compiled DefineSemaphore-Request.c
Compiled DefineSemaphore-Request.h
Compiled DefineSemaphore-Response.c
Compiled DefineSemaphore-Response.h
Compiled DeleteSemaphore-Request.c
Compiled DeleteSemaphore-Request.h
Compiled DeleteSemaphore-Response.c
Compiled DeleteSemaphore-Response.h
Compiled ReportSemaphoreStatus-Request.c
Compiled ReportSemaphoreStatus-Request.h
Compiled ReportSemaphoreStatus-Response.c
Compiled ReportSemaphoreStatus-Response.h
Compiled ReportPoolSemaphoreStatus-Request.c
Compiled ReportPoolSemaphoreStatus-Request.h
Compiled ReportPoolSemaphoreStatus-Response.c
Compiled ReportPoolSemaphoreStatus-Response.h
Compiled ReportSemaphoreEntryStatus-Request.c
Compiled ReportSemaphoreEntryStatus-Request.h
Compiled ReportSemaphoreEntryStatus-Response.c
Compiled ReportSemaphoreEntryStatus-Response.h
Compiled SemaphoreEntry.c
Compiled SemaphoreEntry.h
Compiled AttachToSemaphore.c
Compiled AttachToSemaphore.h
Compiled Input-Request.c
Compiled Input-Request.h
Compiled Input-Response.c
Compiled Input-Response.h
Compiled Output-Request.c
Compiled Output-Request.h
Compiled Output-Response.c
Compiled Output-Response.h
Compiled TriggerEvent-Request.c
Compiled TriggerEvent-Request.h
Compiled TriggerEvent-Response.c
Compiled TriggerEvent-Response.h
Compiled EventNotification.c
Compiled EventNotification.h
Compiled CS-EventNotification.c
Compiled CS-EventNotification.h
Compiled AcknowledgeEventNotification-Request.c
Compiled AcknowledgeEventNotification-Request.h
Compiled AcknowledgeEventNotification-Response.c
Compiled AcknowledgeEventNotification-Response.h
Compiled GetAlarmSummary-Request.c
Compiled GetAlarmSummary-Request.h
Compiled GetAlarmSummary-Response.c
Compiled GetAlarmSummary-Response.h
Compiled AlarmSummary.c
Compiled AlarmSummary.h
Compiled EN-Additional-Detail.c
Compiled EN-Additional-Detail.h
Compiled GetAlarmEnrollmentSummary-Request.c
Compiled GetAlarmEnrollmentSummary-Request.h
Compiled GetAlarmEnrollmentSummary-Response.c
Compiled GetAlarmEnrollmentSummary-Response.h
Compiled AlarmEnrollmentSummary.c
Compiled AlarmEnrollmentSummary.h
Compiled AttachToEventCondition.c
Compiled AttachToEventCondition.h
Compiled DefineEventCondition-Request.c
Compiled DefineEventCondition-Request.h
Compiled DefineEventCondition-Response.c
Compiled DefineEventCondition-Response.h
Compiled CS-DefineEventCondition-Request.c
Compiled CS-DefineEventCondition-Request.h
Compiled DeleteEventCondition-Request.c
Compiled DeleteEventCondition-Request.h
Compiled DeleteEventCondition-Response.c
Compiled DeleteEventCondition-Response.h
Compiled GetEventConditionAttributes-Request.c
Compiled GetEventConditionAttributes-Request.h
Compiled GetEventConditionAttributes-Response.c
Compiled GetEventConditionAttributes-Response.h
Compiled CS-GetEventConditionAttributes-Response.c
Compiled CS-GetEventConditionAttributes-Response.h
Compiled ReportEventConditionStatus-Request.c
Compiled ReportEventConditionStatus-Request.h
Compiled ReportEventConditionStatus-Response.c
Compiled ReportEventConditionStatus-Response.h
Compiled AlterEventConditionMonitoring-Request.c
Compiled AlterEventConditionMonitoring-Request.h
Compiled AlterEventConditionMonitoring-Response.c
Compiled AlterEventConditionMonitoring-Response.h
Compiled CS-AlterEventConditionMonitoring-Request.c
Compiled CS-AlterEventConditionMonitoring-Request.h
Compiled DefineEventAction-Request.c
Compiled DefineEventAction-Request.h
Compiled DefineEventAction-Response.c
Compiled DefineEventAction-Response.h
Compiled DeleteEventAction-Request.c
Compiled DeleteEventAction-Request.h
Compiled DeleteEventAction-Response.c
Compiled DeleteEventAction-Response.h
Compiled GetEventActionAttributes-Request.c
Compiled GetEventActionAttributes-Request.h
Compiled GetEventActionAttributes-Response.c
Compiled GetEventActionAttributes-Response.h
Compiled ReportEventActionStatus-Request.c
Compiled ReportEventActionStatus-Request.h
Compiled ReportEventActionStatus-Response.c
Compiled ReportEventActionStatus-Response.h
Compiled DefineEventEnrollment-Request.c
Compiled DefineEventEnrollment-Request.h
Compiled DefineEventEnrollment-Response.c
Compiled DefineEventEnrollment-Response.h
Compiled DefineEventEnrollment-Error.c
Compiled DefineEventEnrollment-Error.h
Compiled CS-DefineEventEnrollment-Request.c
Compiled CS-DefineEventEnrollment-Request.h
Compiled DeleteEventEnrollment-Request.c
Compiled DeleteEventEnrollment-Request.h
Compiled DeleteEventEnrollment-Response.c
Compiled DeleteEventEnrollment-Response.h
Compiled GetEventEnrollmentAttributes-Request.c
Compiled GetEventEnrollmentAttributes-Request.h
Compiled GetEventEnrollmentAttributes-Response.c
Compiled GetEventEnrollmentAttributes-Response.h
Compiled EEAttributes.c
Compiled EEAttributes.h
Compiled ReportEventEnrollmentStatus-Request.c
Compiled ReportEventEnrollmentStatus-Request.h
Compiled ReportEventEnrollmentStatus-Response.c
Compiled ReportEventEnrollmentStatus-Response.h
Compiled AlterEventEnrollment-Request.c
Compiled AlterEventEnrollment-Request.h
Compiled AlterEventEnrollment-Response.c
Compiled AlterEventEnrollment-Response.h
Compiled CS-AlterEventEnrollment-Request.c
Compiled CS-AlterEventEnrollment-Request.h
Compiled EE-State.c
Compiled EE-State.h
Compiled DefineEventConditionList-Request.c
Compiled DefineEventConditionList-Request.h
Compiled DefineEventConditionList-Response.c
Compiled DefineEventConditionList-Response.h
Compiled DefineEventConditionList-Error.c
Compiled DefineEventConditionList-Error.h
Compiled DeleteEventConditionList-Request.c
Compiled DeleteEventConditionList-Request.h
Compiled DeleteEventConditionList-Response.c
Compiled DeleteEventConditionList-Response.h
Compiled AddEventConditionListReference-Request.c
Compiled AddEventConditionListReference-Request.h
Compiled AddEventConditionListReference-Response.c
Compiled AddEventConditionListReference-Response.h
Compiled AddEventConditionListReference-Error.c
Compiled AddEventConditionListReference-Error.h
Compiled RemoveEventConditionListReference-Request.c
Compiled RemoveEventConditionListReference-Request.h
Compiled RemoveEventConditionListReference-Response.c
Compiled RemoveEventConditionListReference-Response.h
Compiled RemoveEventConditionListReference-Error.c
Compiled RemoveEventConditionListReference-Error.h
Compiled GetEventConditionListAttributes-Request.c
Compiled GetEventConditionListAttributes-Request.h
Compiled GetEventConditionListAttributes-Response.c
Compiled GetEventConditionListAttributes-Response.h
Compiled ReportEventConditionListStatus-Request.c
Compiled ReportEventConditionListStatus-Request.h
Compiled ReportEventConditionListStatus-Response.c
Compiled ReportEventConditionListStatus-Response.h
Compiled EventConditionStatus.c
Compiled EventConditionStatus.h
Compiled AlterEventConditionListMonitoring-Request.c
Compiled AlterEventConditionListMonitoring-Request.h
Compiled AlterEventConditionListMonitoring-Response.c
Compiled AlterEventConditionListMonitoring-Response.h
Compiled ReadJournal-Request.c
Compiled ReadJournal-Request.h
Compiled ReadJournal-Response.c
Compiled ReadJournal-Response.h
Compiled JournalEntry.c
Compiled JournalEntry.h
Compiled WriteJournal-Request.c
Compiled WriteJournal-Request.h
Compiled WriteJournal-Response.c
Compiled WriteJournal-Response.h
Compiled InitializeJournal-Request.c
Compiled InitializeJournal-Request.h
Compiled InitializeJournal-Response.c
Compiled InitializeJournal-Response.h
Compiled ReportJournalStatus-Request.c
Compiled ReportJournalStatus-Request.h
Compiled ReportJournalStatus-Response.c
Compiled ReportJournalStatus-Response.h
Compiled CreateJournal-Request.c
Compiled CreateJournal-Request.h
Compiled CreateJournal-Response.c
Compiled CreateJournal-Response.h
Compiled DeleteJournal-Request.c
Compiled DeleteJournal-Request.h
Compiled DeleteJournal-Response.c
Compiled DeleteJournal-Response.h
Compiled EntryContent.c
Compiled EntryContent.h
Compiled ApplicationReference.c
Compiled ApplicationReference.h
Compiled SCI-Information.c
Compiled SCI-Information.h
Compiled VMD-File.c
Compiled VMD-File.h
Compiled Access-Control-List-instance.c
Compiled Access-Control-List-instance.h
Compiled Domain-instance.c
Compiled Domain-instance.h
Compiled Program-Invocation-instance.c
Compiled Program-Invocation-instance.h
Compiled Unit-Control-instance.c
Compiled Unit-Control-instance.h
Compiled Unnamed-Variable-instance.c
Compiled Unnamed-Variable-instance.h
Compiled Named-Variable-instance.c
Compiled Named-Variable-instance.h
Compiled Named-Variable-List-instance.c
Compiled Named-Variable-List-instance.h
Compiled Variable-List-Item-instance.c
Compiled Variable-List-Item-instance.h
Compiled Named-Type-instance.c
Compiled Named-Type-instance.h
Compiled Data-Exchange-instance.c
Compiled Data-Exchange-instance.h
Compiled Semaphore-instance.c
Compiled Semaphore-instance.h
Compiled Operator-Station-instance.c
Compiled Operator-Station-instance.h
Compiled Event-Condition-instance.c
Compiled Event-Condition-instance.h
Compiled Event-Action-instance.c
Compiled Event-Action-instance.h
Compiled Event-Enrollment-instance.c
Compiled Event-Enrollment-instance.h
Compiled Event-Condition-List-instance.c
Compiled Event-Condition-List-instance.h
Compiled Journal-instance.c
Compiled Journal-instance.h
Compiled Journal-Entry-instance.c
Compiled Journal-Entry-instance.h
Compiled Service-and-Parameter-CBBs.c
Compiled Service-and-Parameter-CBBs.h
Compiled GeneralManagementParameters.c
Compiled GeneralManagementParameters.h
Compiled VMDSupportParameters.c
Compiled VMDSupportParameters.h
Compiled DomainManagementParameters.c
Compiled DomainManagementParameters.h
Compiled ProgramInvocationManagementParameters.c
Compiled ProgramInvocationManagementParameters.h
Compiled VariableAccessParameters.c
Compiled VariableAccessParameters.h
Compiled DataParameters.c
Compiled DataParameters.h
Compiled SemaphoreManagementParameters.c
Compiled SemaphoreManagementParameters.h
Compiled OperatorCommunicationParameters.c
Compiled OperatorCommunicationParameters.h
Compiled ErrorParameters.c
Compiled ErrorParameters.h
Compiled FileManagementParameters.c
Compiled FileManagementParameters.h
Compiled ObtainFile-Request.c
Compiled ObtainFile-Request.h
Compiled ObtainFile-Response.c
Compiled ObtainFile-Response.h
Compiled ObtainFile-Error.c
Compiled ObtainFile-Error.h
Compiled FileOpen-Request.c
Compiled FileOpen-Request.h
Compiled FileOpen-Response.c
Compiled FileOpen-Response.h
Compiled FileRead-Request.c
Compiled FileRead-Request.h
Compiled FileRead-Response.c
Compiled FileRead-Response.h
Compiled FileClose-Request.c
Compiled FileClose-Request.h
Compiled FileClose-Response.c
Compiled FileClose-Response.h
Compiled FileRename-Request.c
Compiled FileRename-Request.h
Compiled FileRename-Response.c
Compiled FileRename-Response.h
Compiled FileRename-Error.c
Compiled FileRename-Error.h
Compiled FileDelete-Request.c
Compiled FileDelete-Request.h
Compiled FileDelete-Response.c
Compiled FileDelete-Response.h
Compiled FileDirectory-Request.c
Compiled FileDirectory-Request.h
Compiled FileDirectory-Response.c
Compiled FileDirectory-Response.h
Compiled DirectoryEntry.c
Compiled DirectoryEntry.h
Compiled FileAttributes.c
Compiled FileAttributes.h
Compiled ScatteredAccessDescription.c
Compiled ScatteredAccessDescription.h
Compiled DefineScatteredAccess-Request.c
Compiled DefineScatteredAccess-Request.h
Compiled DefineScatteredAccess-Response.c
Compiled DefineScatteredAccess-Response.h
Compiled GetScatteredAccessAttributes-Request.c
Compiled GetScatteredAccessAttributes-Request.h
Compiled GetScatteredAccessAttributes-Response.c
Compiled GetScatteredAccessAttributes-Response.h
Compiled AP-title.c
Compiled AP-title.h
Compiled AP-invocation-identifier.c
Compiled AP-invocation-identifier.h
Compiled AE-qualifier.c
Compiled AE-qualifier.h
Compiled AE-invocation-identifier.c
Compiled AE-invocation-identifier.h
Compiled Authentication-value.c
Compiled Authentication-value.h
Symlinked /skeletons/UTF8String.h	-> UTF8String.h
Symlinked /skeletons/BOOLEAN.h	-> BOOLEAN.h
Symlinked /skeletons/BOOLEAN.c	-> BOOLEAN.c
Symlinked /skeletons/INTEGER.h	-> INTEGER.h
Symlinked /skeletons/NativeEnumerated.h	-> NativeEnumerated.h
Symlinked /skeletons/GeneralizedTime.h	-> GeneralizedTime.h
Symlinked /skeletons/GeneralizedTime.c	-> GeneralizedTime.c
Symlinked /skeletons/GraphicString.h	-> GraphicString.h
Symlinked /skeletons/GraphicString.c	-> GraphicString.c
Symlinked /skeletons/IA5String.h	-> IA5String.h
Symlinked /skeletons/IA5String.c	-> IA5String.c
Symlinked /skeletons/INTEGER.c	-> INTEGER.c
Symlinked /skeletons/NULL.h	-> NULL.h
Symlinked /skeletons/NULL.c	-> NULL.c
Symlinked /skeletons/NativeEnumerated.c	-> NativeEnumerated.c
Symlinked /skeletons/NativeInteger.h	-> NativeInteger.h
Symlinked /skeletons/NativeInteger.c	-> NativeInteger.c
Symlinked /skeletons/OBJECT_IDENTIFIER.h	-> OBJECT_IDENTIFIER.h
Symlinked /skeletons/OBJECT_IDENTIFIER.c	-> OBJECT_IDENTIFIER.c
Symlinked /skeletons/UTF8String.c	-> UTF8String.c
Symlinked /skeletons/VisibleString.h	-> VisibleString.h
Symlinked /skeletons/VisibleString.c	-> VisibleString.c
Symlinked /skeletons/asn_SEQUENCE_OF.h	-> asn_SEQUENCE_OF.h
Symlinked /skeletons/asn_SEQUENCE_OF.c	-> asn_SEQUENCE_OF.c
Symlinked /skeletons/asn_SET_OF.h	-> asn_SET_OF.h
Symlinked /skeletons/asn_SET_OF.c	-> asn_SET_OF.c
Symlinked /skeletons/constr_CHOICE.h	-> constr_CHOICE.h
Symlinked /skeletons/constr_CHOICE.c	-> constr_CHOICE.c
Symlinked /skeletons/constr_SEQUENCE.h	-> constr_SEQUENCE.h
Symlinked /skeletons/constr_SEQUENCE.c	-> constr_SEQUENCE.c
Symlinked /skeletons/constr_SEQUENCE_OF.h	-> constr_SEQUENCE_OF.h
Symlinked /skeletons/constr_SEQUENCE_OF.c	-> constr_SEQUENCE_OF.c
Symlinked /skeletons/constr_SET_OF.h	-> constr_SET_OF.h
Symlinked /skeletons/constr_SET_OF.c	-> constr_SET_OF.c
Symlinked /skeletons/asn_application.h	-> asn_application.h
Symlinked /skeletons/asn_system.h	-> asn_system.h
Symlinked /skeletons/asn_codecs.h	-> asn_codecs.h
Symlinked /skeletons/asn_internal.h	-> asn_internal.h
Symlinked /skeletons/OCTET_STRING.h	-> OCTET_STRING.h
Symlinked /skeletons/OCTET_STRING.c	-> OCTET_STRING.c
Symlinked /skeletons/BIT_STRING.h	-> BIT_STRING.h
Symlinked /skeletons/BIT_STRING.c	-> BIT_STRING.c
Symlinked /skeletons/asn_codecs_prim.c	-> asn_codecs_prim.c
Symlinked /skeletons/asn_codecs_prim.h	-> asn_codecs_prim.h
Symlinked /skeletons/ber_tlv_length.h	-> ber_tlv_length.h
Symlinked /skeletons/ber_tlv_length.c	-> ber_tlv_length.c
Symlinked /skeletons/ber_tlv_tag.h	-> ber_tlv_tag.h
Symlinked /skeletons/ber_tlv_tag.c	-> ber_tlv_tag.c
Symlinked /skeletons/ber_decoder.h	-> ber_decoder.h
Symlinked /skeletons/ber_decoder.c	-> ber_decoder.c
Symlinked /skeletons/der_encoder.h	-> der_encoder.h
Symlinked /skeletons/der_encoder.c	-> der_encoder.c
Symlinked /skeletons/constr_TYPE.h	-> constr_TYPE.h
Symlinked /skeletons/constr_TYPE.c	-> constr_TYPE.c
Symlinked /skeletons/constraints.h	-> constraints.h
Symlinked /skeletons/constraints.c	-> constraints.c
Symlinked /skeletons/xer_support.h	-> xer_support.h
Symlinked /skeletons/xer_support.c	-> xer_support.c
Symlinked /skeletons/xer_decoder.h	-> xer_decoder.h
Symlinked /skeletons/xer_decoder.c	-> xer_decoder.c
Symlinked /skeletons/xer_encoder.h	-> xer_encoder.h
Symlinked /skeletons/xer_encoder.c	-> xer_encoder.c
Symlinked /skeletons/per_support.h	-> per_support.h
Symlinked /skeletons/per_support.c	-> per_support.c
Symlinked /skeletons/per_decoder.h	-> per_decoder.h
Symlinked /skeletons/per_decoder.c	-> per_decoder.c
Symlinked /skeletons/per_encoder.h	-> per_encoder.h
Symlinked /skeletons/per_encoder.c	-> per_encoder.c
Symlinked /skeletons/per_opentype.h	-> per_opentype.h
Symlinked /skeletons/per_opentype.c	-> per_opentype.c
Symlinked /skeletons/converter-sample.c	-> converter-sample.c
Generated Makefile.am.sample
